  main.cpp
D:\Code\Games101\Assignment7\global.hpp(19,46): warning C4244: “=”: 从“double”转换到“float”，可能丢失数据
D:\Code\Games101\Assignment7\global.hpp(21,17): warning C4244: “初始化”: 从“double”转换到“float”，可能丢失数据
D:\Code\Games101\Assignment7\global.hpp(45,13): warning C4244: “初始化”: 从“float”转换到“int”，可能丢失数据
D:\Code\Games101\Assignment7\Ray.hpp(16,68): warning C4244: “参数”: 从“double”转换到“float”，可能丢失数据
D:\Code\Games101\Assignment7\Ray.hpp(16,52): warning C4244: “参数”: 从“double”转换到“float”，可能丢失数据
D:\Code\Games101\Assignment7\Ray.hpp(16,36): warning C4244: “参数”: 从“double”转换到“float”，可能丢失数据
D:\Code\Games101\Assignment7\Ray.hpp(22,65): warning C4244: “参数”: 从“double”转换到“const float”，可能丢失数据
D:\Code\Games101\Assignment7\Bounds3.hpp(20,41): warning C4244: “参数”: 从“double”转换到“float”，可能丢失数据
D:\Code\Games101\Assignment7\Bounds3.hpp(20,33): warning C4244: “参数”: 从“double”转换到“float”，可能丢失数据
D:\Code\Games101\Assignment7\Bounds3.hpp(20,25): warning C4244: “参数”: 从“double”转换到“float”，可能丢失数据
D:\Code\Games101\Assignment7\Bounds3.hpp(21,41): warning C4244: “参数”: 从“double”转换到“float”，可能丢失数据
D:\Code\Games101\Assignment7\Bounds3.hpp(21,33): warning C4244: “参数”: 从“double”转换到“float”，可能丢失数据
D:\Code\Games101\Assignment7\Bounds3.hpp(21,25): warning C4244: “参数”: 从“double”转换到“float”，可能丢失数据
D:\Code\Games101\Assignment7\Scene.hpp(23,60): warning C4305: “参数”: 从“double”到“float”截断
D:\Code\Games101\Assignment7\Scene.hpp(23,51): warning C4305: “参数”: 从“double”到“float”截断
D:\Code\Games101\Assignment7\Scene.hpp(23,41): warning C4305: “参数”: 从“double”到“float”截断
D:\Code\Games101\Assignment7\Scene.hpp(25,29): warning C4305: “初始化”: 从“double”到“float”截断
D:\Code\Games101\Assignment7\OBJ_Loader.hpp(944,33): warning C4244: “初始化”: 从“double”转换到“float”，可能丢失数据
D:\Code\Games101\Assignment7\Triangle.hpp(181,23): warning C4244: “初始化”: 从“int”转换到“float”，可能丢失数据
D:\Code\Games101\Assignment7\Triangle.hpp(184,44): warning C4305: “参数”: 从“double”到“float”截断
D:\Code\Games101\Assignment7\Triangle.hpp(184,37): warning C4305: “参数”: 从“double”到“float”截断
D:\Code\Games101\Assignment7\Triangle.hpp(184,30): warning C4305: “参数”: 从“double”到“float”截断
D:\Code\Games101\Assignment7\Triangle.hpp(183,44): warning C4305: “参数”: 从“double”到“float”截断
D:\Code\Games101\Assignment7\Triangle.hpp(183,37): warning C4305: “参数”: 从“double”到“float”截断
D:\Code\Games101\Assignment7\Triangle.hpp(183,30): warning C4305: “参数”: 从“double”到“float”截断
D:\Code\Games101\Assignment7\Sphere.hpp(81,21): warning C4244: “初始化”: 从“double”转换到“float”，可能丢失数据
  Assignment7.vcxproj -> D:\Code\Games101\x64\Debug\Assignment7.exe
